2025.08.12 00:49:50 INFO  Started: Metals version 1.6.2 in folders '/Users/justinyong/Desktop/Code/Scala/oop_su/AddressApp2025' for client Visual Studio Code 1.103.0.
2025.08.12 00:49:52 INFO  running '/opt/homebrew/bin/sbt -Dbloop.export-jar-classifiers=sources bloopInstall'
2025.08.12 00:49:53 ERROR [info] waiting for lock on /Users/justinyong/.sbt/boot/sbt.boot.lock to be available...
2025.08.12 00:49:53 WARN  no build target for: /Users/justinyong/Desktop/Code/Scala/oop_su/AddressApp2025/project/metals.sbt
2025.08.12 00:49:53 INFO  no build target found for /Users/justinyong/Desktop/Code/Scala/oop_su/AddressApp2025/project/project/metals.sbt. Using presentation compiler with project's scala-library version: 3.3.6
2025.08.12 00:49:53 WARN  no build target for: /Users/justinyong/Desktop/Code/Scala/oop_su/AddressApp2025/project/project/metals.sbt
2025.08.12 00:49:54 INFO  no build target found for /Users/justinyong/Desktop/Code/Scala/oop_su/AddressApp2025/project/metals.sbt. Using presentation compiler with project's scala-library version: 3.3.6
2025.08.12 00:50:24 INFO  no build target found for /Users/justinyong/Desktop/Code/Scala/oop_su/AddressApp2025/src/main/scala/addressapp/MainApp.scala. Using presentation compiler with project's scala-library version: 3.3.6
2025.08.12 00:50:24 INFO  no build target found for /Users/justinyong/Desktop/Code/Scala/oop_su/AddressApp2025/src/main/scala/addressapp/MainApp.scala. Using presentation compiler with project's scala-library version: 3.3.6
2025.08.12 00:50:26 INFO  no build target found for /Users/justinyong/Desktop/Code/Scala/oop_su/AddressApp2025/src/main/scala/addressapp/MainApp.scala. Using presentation compiler with project's scala-library version: 3.3.6
Aug 12, 2025 12:50:29 AM org.eclipse.lsp4j.jsonrpc.services.GenericEndpoint notify
INFO: Unsupported notification method: $/setTrace
Aug 12, 2025 12:50:30 AM org.eclipse.lsp4j.jsonrpc.services.GenericEndpoint notify
INFO: Unsupported notification method: $/setTrace
2025.08.12 00:51:14 INFO  no build target found for /Users/justinyong/Desktop/Code/Scala/oop_su/AddressApp2025/src/main/scala/addressapp/MainApp.scala. Using presentation compiler with project's scala-library version: 3.3.6
2025.08.12 00:51:30 INFO  no build target found for /Users/justinyong/Desktop/Code/Scala/oop_su/AddressApp2025/src/main/scala/addressapp/MainApp.scala. Using presentation compiler with project's scala-library version: 3.3.6
2025.08.12 00:51:30 INFO  no build target found for /Users/justinyong/Desktop/Code/Scala/oop_su/AddressApp2025/src/main/scala/addressapp/MainApp.scala. Using presentation compiler with project's scala-library version: 3.3.6
2025.08.12 00:51:30 INFO  no build target found for /Users/justinyong/Desktop/Code/Scala/oop_su/AddressApp2025/src/main/scala/addressapp/MainApp.scala. Using presentation compiler with project's scala-library version: 3.3.6
2025.08.12 00:51:34 INFO  Shutting down server
2025.08.12 00:51:34 INFO  shutting down Metals
2025.08.12 00:51:35 INFO  time: ran 'sbt bloopInstall' in 1m42s
2025.08.12 00:51:35 ERROR sbt command failed: /opt/homebrew/bin/sbt -Dbloop.export-jar-classifiers=sources bloopInstall
2025.08.12 00:51:34 INFO  Exiting server
2025.08.12 00:52:57 INFO  Started: Metals version 1.6.2 in folders '/Users/justinyong/Desktop/Code/Scala/oop_su/AddressApp2025' for client Visual Studio Code 1.103.0.
2025.08.12 00:53:00 INFO  no build target found for /Users/justinyong/Desktop/Code/Scala/oop_su/AddressApp2025/src/main/scala/addressapp/MainApp.scala. Using presentation compiler with project's scala-library version: 3.3.6
Aug 12, 2025 12:53:01 AM org.eclipse.lsp4j.jsonrpc.RemoteEndpoint handleCancellation
WARNING: Unmatched cancel notification for request id 2
2025.08.12 00:53:01 INFO  no build target found for /Users/justinyong/Desktop/Code/Scala/oop_su/AddressApp2025/src/main/scala/addressapp/MainApp.scala. Using presentation compiler with project's scala-library version: 3.3.6
2025.08.12 00:53:01 INFO  no build target found for /Users/justinyong/Desktop/Code/Scala/oop_su/AddressApp2025/src/main/scala/addressapp/MainApp.scala. Using presentation compiler with project's scala-library version: 3.3.6
2025.08.12 00:53:01 INFO  skipping build import with status 'Started'
2025.08.12 00:53:01 INFO  no build target found for /Users/justinyong/Desktop/Code/Scala/oop_su/AddressApp2025/src/main/scala/addressapp/MainApp.scala. Using presentation compiler with project's scala-library version: 3.3.6
2025.08.12 00:53:01 WARN  no build target for: /Users/justinyong/Desktop/Code/Scala/oop_su/AddressApp2025/src/main/scala/addressapp/MainApp.scala
2025.08.12 00:53:04 INFO  time: code lens generation in 2.34s
2025.08.12 00:53:06 INFO  no build target found for /Users/justinyong/Desktop/Code/Scala/oop_su/AddressApp2025/src/main/scala/addressapp/MainApp.scala. Using presentation compiler with project's scala-library version: 3.3.6
2025.08.12 00:53:08 INFO  no build target found for /Users/justinyong/Desktop/Code/Scala/oop_su/AddressApp2025/src/main/scala/addressapp/MainApp.scala. Using presentation compiler with project's scala-library version: 3.3.6
2025.08.12 00:53:08 INFO  no build target found for /Users/justinyong/Desktop/Code/Scala/oop_su/AddressApp2025/src/main/scala/addressapp/MainApp.scala. Using presentation compiler with project's scala-library version: 3.3.6
2025.08.12 00:53:44 INFO  no build target found for /Users/justinyong/Desktop/Code/Scala/oop_su/AddressApp2025/src/main/scala/addressapp/MainApp.scala. Using presentation compiler with project's scala-library version: 3.3.6
2025.08.12 00:53:44 INFO  no build target found for /Users/justinyong/Desktop/Code/Scala/oop_su/AddressApp2025/build.sbt. Using presentation compiler with project's scala-library version: 3.3.6
2025.08.12 00:53:44 INFO  no build target found for /Users/justinyong/Desktop/Code/Scala/oop_su/AddressApp2025/build.sbt. Using presentation compiler with project's scala-library version: 3.3.6
2025.08.12 00:53:44 WARN  no build target for: /Users/justinyong/Desktop/Code/Scala/oop_su/AddressApp2025/build.sbt
2025.08.12 00:53:44 INFO  no build target found for /Users/justinyong/Desktop/Code/Scala/oop_su/AddressApp2025/build.sbt. Using presentation compiler with project's scala-library version: 3.3.6
2025.08.12 00:53:44 INFO  no build target found for /Users/justinyong/Desktop/Code/Scala/oop_su/AddressApp2025/build.sbt. Using presentation compiler with project's scala-library version: 3.3.6
2025.08.12 00:53:47 INFO  no build target found for /Users/justinyong/Desktop/Code/Scala/oop_su/AddressApp2025/build.sbt. Using presentation compiler with project's scala-library version: 3.3.6
2025.08.12 00:53:51 INFO  no build target found for /Users/justinyong/Desktop/Code/Scala/oop_su/AddressApp2025/build.sbt. Using presentation compiler with project's scala-library version: 3.3.6
2025.08.12 00:53:51 WARN  no build target for: /Users/justinyong/Desktop/Code/Scala/oop_su/AddressApp2025/src/main/scala/addressapp/MainApp.scala
2025.08.12 00:53:51 INFO  no build target found for /Users/justinyong/Desktop/Code/Scala/oop_su/AddressApp2025/src/main/scala/addressapp/MainApp.scala. Using presentation compiler with project's scala-library version: 3.3.6
2025.08.12 00:53:51 INFO  no build target found for /Users/justinyong/Desktop/Code/Scala/oop_su/AddressApp2025/src/main/scala/addressapp/MainApp.scala. Using presentation compiler with project's scala-library version: 3.3.6
2025.08.12 00:53:51 INFO  no build target found for /Users/justinyong/Desktop/Code/Scala/oop_su/AddressApp2025/src/main/scala/addressapp/MainApp.scala. Using presentation compiler with project's scala-library version: 3.3.6
2025.08.12 00:53:51 INFO  no build target found for /Users/justinyong/Desktop/Code/Scala/oop_su/AddressApp2025/src/main/scala/addressapp/MainApp.scala. Using presentation compiler with project's scala-library version: 3.3.6
2025.08.12 00:53:51 INFO  no build target found for /Users/justinyong/Desktop/Code/Scala/oop_su/AddressApp2025/src/main/scala/addressapp/MainApp.scala. Using presentation compiler with project's scala-library version: 3.3.6
2025.08.12 00:53:52 INFO  no build target found for /Users/justinyong/Desktop/Code/Scala/oop_su/AddressApp2025/src/main/scala/addressapp/MainApp.scala. Using presentation compiler with project's scala-library version: 3.3.6
2025.08.12 00:53:51 INFO  no build target found for /Users/justinyong/Desktop/Code/Scala/oop_su/AddressApp2025/src/main/scala/addressapp/MainApp.scala. Using presentation compiler with project's scala-library version: 3.3.6
2025.08.12 00:53:52 INFO  no build target found for /Users/justinyong/Desktop/Code/Scala/oop_su/AddressApp2025/src/main/scala/addressapp/MainApp.scala. Using presentation compiler with project's scala-library version: 3.3.6
2025.08.12 00:55:30 INFO  no build target found for /Users/justinyong/Desktop/Code/Scala/oop_su/AddressApp2025/src/main/scala/addressapp/MainApp.scala. Using presentation compiler with project's scala-library version: 3.3.6
2025.08.12 00:55:31 INFO  no build target found for /Users/justinyong/Desktop/Code/Scala/oop_su/AddressApp2025/build.sbt. Using presentation compiler with project's scala-library version: 3.3.6
2025.08.12 00:55:31 WARN  no build target for: /Users/justinyong/Desktop/Code/Scala/oop_su/AddressApp2025/build.sbt
2025.08.12 00:55:31 INFO  no build target found for /Users/justinyong/Desktop/Code/Scala/oop_su/AddressApp2025/build.sbt. Using presentation compiler with project's scala-library version: 3.3.6
2025.08.12 00:55:31 INFO  no build target found for /Users/justinyong/Desktop/Code/Scala/oop_su/AddressApp2025/build.sbt. Using presentation compiler with project's scala-library version: 3.3.6
2025.08.12 00:55:31 INFO  no build target found for /Users/justinyong/Desktop/Code/Scala/oop_su/AddressApp2025/build.sbt. Using presentation compiler with project's scala-library version: 3.3.6
2025.08.12 00:55:31 INFO  no build target found for /Users/justinyong/Desktop/Code/Scala/oop_su/AddressApp2025/build.sbt. Using presentation compiler with project's scala-library version: 3.3.6
2025.08.12 00:55:32 INFO  no build target found for /Users/justinyong/Desktop/Code/Scala/oop_su/AddressApp2025/build.sbt. Using presentation compiler with project's scala-library version: 3.3.6
2025.08.12 00:55:57 INFO  no build target found for /Users/justinyong/Desktop/Code/Scala/oop_su/AddressApp2025/build.sbt. Using presentation compiler with project's scala-library version: 3.3.6
2025.08.12 00:55:57 INFO  no build target found for /Users/justinyong/Desktop/Code/Scala/oop_su/AddressApp2025/build.sbt. Using presentation compiler with project's scala-library version: 3.3.6
2025.08.12 00:55:57 INFO  no build target found for /Users/justinyong/Desktop/Code/Scala/oop_su/AddressApp2025/build.sbt. Using presentation compiler with project's scala-library version: 3.3.6
2025.08.12 00:55:58 INFO  no build target found for /Users/justinyong/Desktop/Code/Scala/oop_su/AddressApp2025/build.sbt. Using presentation compiler with project's scala-library version: 3.3.6
2025.08.12 00:55:58 INFO  no build target found for /Users/justinyong/Desktop/Code/Scala/oop_su/AddressApp2025/build.sbt. Using presentation compiler with project's scala-library version: 3.3.6
2025.08.12 00:56:01 INFO  no build target found for /Users/justinyong/Desktop/Code/Scala/oop_su/AddressApp2025/build.sbt. Using presentation compiler with project's scala-library version: 3.3.6
2025.08.12 00:56:01 INFO  no build target found for /Users/justinyong/Desktop/Code/Scala/oop_su/AddressApp2025/build.sbt. Using presentation compiler with project's scala-library version: 3.3.6
2025.08.12 00:56:07 INFO  no build target found for /Users/justinyong/Desktop/Code/Scala/oop_su/AddressApp2025/build.sbt. Using presentation compiler with project's scala-library version: 3.3.6
2025.08.12 00:56:07 INFO  no build target found for /Users/justinyong/Desktop/Code/Scala/oop_su/AddressApp2025/build.sbt. Using presentation compiler with project's scala-library version: 3.3.6
2025.08.12 00:56:07 INFO  no build target found for /Users/justinyong/Desktop/Code/Scala/oop_su/AddressApp2025/build.sbt. Using presentation compiler with project's scala-library version: 3.3.6
2025.08.12 00:56:07 INFO  no build target found for /Users/justinyong/Desktop/Code/Scala/oop_su/AddressApp2025/build.sbt. Using presentation compiler with project's scala-library version: 3.3.6
2025.08.12 00:56:07 INFO  no build target found for /Users/justinyong/Desktop/Code/Scala/oop_su/AddressApp2025/build.sbt. Using presentation compiler with project's scala-library version: 3.3.6
2025.08.12 00:56:07 INFO  no build target found for /Users/justinyong/Desktop/Code/Scala/oop_su/AddressApp2025/build.sbt. Using presentation compiler with project's scala-library version: 3.3.6
2025.08.12 00:56:08 INFO  no build target found for /Users/justinyong/Desktop/Code/Scala/oop_su/AddressApp2025/build.sbt. Using presentation compiler with project's scala-library version: 3.3.6
2025.08.12 00:56:08 INFO  no build target found for /Users/justinyong/Desktop/Code/Scala/oop_su/AddressApp2025/build.sbt. Using presentation compiler with project's scala-library version: 3.3.6
2025.08.12 00:56:08 INFO  no build target found for /Users/justinyong/Desktop/Code/Scala/oop_su/AddressApp2025/build.sbt. Using presentation compiler with project's scala-library version: 3.3.6
2025.08.12 00:56:08 INFO  no build target found for /Users/justinyong/Desktop/Code/Scala/oop_su/AddressApp2025/build.sbt. Using presentation compiler with project's scala-library version: 3.3.6
2025.08.12 00:56:09 INFO  no build target found for /Users/justinyong/Desktop/Code/Scala/oop_su/AddressApp2025/build.sbt. Using presentation compiler with project's scala-library version: 3.3.6
2025.08.12 00:56:09 INFO  no build target found for /Users/justinyong/Desktop/Code/Scala/oop_su/AddressApp2025/build.sbt. Using presentation compiler with project's scala-library version: 3.3.6
2025.08.12 00:56:10 INFO  no build target found for /Users/justinyong/Desktop/Code/Scala/oop_su/AddressApp2025/build.sbt. Using presentation compiler with project's scala-library version: 3.3.6
2025.08.12 00:56:10 INFO  no build target found for /Users/justinyong/Desktop/Code/Scala/oop_su/AddressApp2025/build.sbt. Using presentation compiler with project's scala-library version: 3.3.6
2025.08.12 00:56:10 INFO  no build target found for /Users/justinyong/Desktop/Code/Scala/oop_su/AddressApp2025/build.sbt. Using presentation compiler with project's scala-library version: 3.3.6
2025.08.12 00:56:10 INFO  no build target found for /Users/justinyong/Desktop/Code/Scala/oop_su/AddressApp2025/build.sbt. Using presentation compiler with project's scala-library version: 3.3.6
2025.08.12 00:56:10 INFO  no build target found for /Users/justinyong/Desktop/Code/Scala/oop_su/AddressApp2025/build.sbt. Using presentation compiler with project's scala-library version: 3.3.6
2025.08.12 00:56:10 INFO  no build target found for /Users/justinyong/Desktop/Code/Scala/oop_su/AddressApp2025/build.sbt. Using presentation compiler with project's scala-library version: 3.3.6
2025.08.12 00:56:09 WARN  no build target for: /Users/justinyong/Desktop/Code/Scala/oop_su/AddressApp2025/build.sbt
2025.08.12 00:56:09 INFO  no build target found for /Users/justinyong/Desktop/Code/Scala/oop_su/AddressApp2025/build.sbt. Using presentation compiler with project's scala-library version: 3.3.6
2025.08.12 00:56:11 INFO  no build target found for /Users/justinyong/Desktop/Code/Scala/oop_su/AddressApp2025/build.sbt. Using presentation compiler with project's scala-library version: 3.3.6
2025.08.12 00:56:12 INFO  no build target found for /Users/justinyong/Desktop/Code/Scala/oop_su/AddressApp2025/src/main/scala/addressapp/MainApp.scala. Using presentation compiler with project's scala-library version: 3.3.6
2025.08.12 00:56:12 WARN  no build target for: /Users/justinyong/Desktop/Code/Scala/oop_su/AddressApp2025/src/main/scala/addressapp/MainApp.scala
2025.08.12 00:56:12 INFO  no build target found for /Users/justinyong/Desktop/Code/Scala/oop_su/AddressApp2025/src/main/scala/addressapp/MainApp.scala. Using presentation compiler with project's scala-library version: 3.3.6
2025.08.12 00:56:12 INFO  no build target found for /Users/justinyong/Desktop/Code/Scala/oop_su/AddressApp2025/src/main/scala/addressapp/MainApp.scala. Using presentation compiler with project's scala-library version: 3.3.6
2025.08.12 00:57:26 INFO  no build target found for /Users/justinyong/Desktop/Code/Scala/oop_su/AddressApp2025/src/main/scala/addressapp/MainApp.scala. Using presentation compiler with project's scala-library version: 3.3.6
2025.08.12 00:59:34 INFO  no build target found for /Users/justinyong/Desktop/Code/Scala/oop_su/AddressApp2025/build.sbt. Using presentation compiler with project's scala-library version: 3.3.6
2025.08.12 00:59:34 WARN  no build target for: /Users/justinyong/Desktop/Code/Scala/oop_su/AddressApp2025/build.sbt
2025.08.12 00:59:34 INFO  no build target found for /Users/justinyong/Desktop/Code/Scala/oop_su/AddressApp2025/build.sbt. Using presentation compiler with project's scala-library version: 3.3.6
2025.08.12 00:59:34 INFO  no build target found for /Users/justinyong/Desktop/Code/Scala/oop_su/AddressApp2025/build.sbt. Using presentation compiler with project's scala-library version: 3.3.6
2025.08.12 00:59:34 INFO  no build target found for /Users/justinyong/Desktop/Code/Scala/oop_su/AddressApp2025/build.sbt. Using presentation compiler with project's scala-library version: 3.3.6
2025.08.12 00:59:34 INFO  no build target found for /Users/justinyong/Desktop/Code/Scala/oop_su/AddressApp2025/build.sbt. Using presentation compiler with project's scala-library version: 3.3.6
2025.08.12 00:59:34 INFO  no build target found for /Users/justinyong/Desktop/Code/Scala/oop_su/AddressApp2025/build.sbt. Using presentation compiler with project's scala-library version: 3.3.6
2025.08.12 00:59:36 INFO  no build target found for /Users/justinyong/Desktop/Code/Scala/oop_su/AddressApp2025/build.sbt. Using presentation compiler with project's scala-library version: 3.3.6
2025.08.12 00:59:38 INFO  no build target found for /Users/justinyong/Desktop/Code/Scala/oop_su/AddressApp2025/build.sbt. Using presentation compiler with project's scala-library version: 3.3.6
2025.08.12 00:59:40 INFO  no build target found for /Users/justinyong/Desktop/Code/Scala/oop_su/AddressApp2025/build.sbt. Using presentation compiler with project's scala-library version: 3.3.6
2025.08.12 00:59:41 INFO  no build target found for /Users/justinyong/Desktop/Code/Scala/oop_su/AddressApp2025/build.sbt. Using presentation compiler with project's scala-library version: 3.3.6
2025.08.12 00:59:43 INFO  no build target found for /Users/justinyong/Desktop/Code/Scala/oop_su/AddressApp2025/build.sbt. Using presentation compiler with project's scala-library version: 3.3.6
2025.08.12 00:59:45 INFO  no build target found for /Users/justinyong/Desktop/Code/Scala/oop_su/AddressApp2025/build.sbt. Using presentation compiler with project's scala-library version: 3.3.6
2025.08.12 00:59:45 INFO  no build target found for /Users/justinyong/Desktop/Code/Scala/oop_su/AddressApp2025/build.sbt. Using presentation compiler with project's scala-library version: 3.3.6
2025.08.12 00:59:46 INFO  no build target found for /Users/justinyong/Desktop/Code/Scala/oop_su/AddressApp2025/build.sbt. Using presentation compiler with project's scala-library version: 3.3.6
2025.08.12 00:59:46 INFO  no build target found for /Users/justinyong/Desktop/Code/Scala/oop_su/AddressApp2025/build.sbt. Using presentation compiler with project's scala-library version: 3.3.6
2025.08.12 00:59:46 INFO  no build target found for /Users/justinyong/Desktop/Code/Scala/oop_su/AddressApp2025/build.sbt. Using presentation compiler with project's scala-library version: 3.3.6
2025.08.12 00:59:47 INFO  no build target found for /Users/justinyong/Desktop/Code/Scala/oop_su/AddressApp2025/build.sbt. Using presentation compiler with project's scala-library version: 3.3.6
2025.08.12 00:59:49 INFO  no build target found for /Users/justinyong/Desktop/Code/Scala/oop_su/AddressApp2025/build.sbt. Using presentation compiler with project's scala-library version: 3.3.6
2025.08.12 00:59:49 INFO  no build target found for /Users/justinyong/Desktop/Code/Scala/oop_su/AddressApp2025/build.sbt. Using presentation compiler with project's scala-library version: 3.3.6
2025.08.12 01:01:26 INFO  no build target found for /Users/justinyong/Desktop/Code/Scala/oop_su/AddressApp2025/build.sbt. Using presentation compiler with project's scala-library version: 3.3.6
2025.08.12 01:01:26 INFO  Shutting down server
2025.08.12 01:01:26 INFO  shutting down Metals
2025.08.12 01:01:26 INFO  Exiting server
2025.08.12 01:03:45 INFO  Started: Metals version 1.6.2 in folders '/Users/justinyong/Desktop/Code/Scala/oop_su/AddressApp2025' for client Visual Studio Code 1.103.0.
2025.08.12 01:03:46 INFO  no build target found for /Users/justinyong/Desktop/Code/Scala/oop_su/AddressApp2025/build.sbt. Using presentation compiler with project's scala-library version: 3.3.6
2025.08.12 01:03:48 INFO  no build target found for /Users/justinyong/Desktop/Code/Scala/oop_su/AddressApp2025/build.sbt. Using presentation compiler with project's scala-library version: 3.3.6
2025.08.12 01:03:48 INFO  no build target found for /Users/justinyong/Desktop/Code/Scala/oop_su/AddressApp2025/build.sbt. Using presentation compiler with project's scala-library version: 3.3.6
2025.08.12 01:03:49 INFO  no build target found for /Users/justinyong/Desktop/Code/Scala/oop_su/AddressApp2025/build.sbt. Using presentation compiler with project's scala-library version: 3.3.6
2025.08.12 01:03:52 INFO  no build target found for /Users/justinyong/Desktop/Code/Scala/oop_su/AddressApp2025/build.sbt. Using presentation compiler with project's scala-library version: 3.3.6
2025.08.12 01:03:58 INFO  no build target found for /Users/justinyong/Desktop/Code/Scala/oop_su/AddressApp2025/build.sbt. Using presentation compiler with project's scala-library version: 3.3.6
2025.08.12 01:03:58 INFO  no build target found for /Users/justinyong/Desktop/Code/Scala/oop_su/AddressApp2025/build.sbt. Using presentation compiler with project's scala-library version: 3.3.6
2025.08.12 01:04:17 INFO  no build target found for /Users/justinyong/Desktop/Code/Scala/oop_su/AddressApp2025/build.sbt. Using presentation compiler with project's scala-library version: 3.3.6
2025.08.12 01:04:17 INFO  no build target found for /Users/justinyong/Desktop/Code/Scala/oop_su/AddressApp2025/build.sbt. Using presentation compiler with project's scala-library version: 3.3.6
2025.08.12 01:04:19 INFO  no build target found for /Users/justinyong/Desktop/Code/Scala/oop_su/AddressApp2025/build.sbt. Using presentation compiler with project's scala-library version: 3.3.6
2025.08.12 01:04:19 INFO  no build target found for /Users/justinyong/Desktop/Code/Scala/oop_su/AddressApp2025/build.sbt. Using presentation compiler with project's scala-library version: 3.3.6
2025.08.12 01:04:21 INFO  no build target found for /Users/justinyong/Desktop/Code/Scala/oop_su/AddressApp2025/build.sbt. Using presentation compiler with project's scala-library version: 3.3.6
2025.08.12 01:04:21 INFO  no build target found for /Users/justinyong/Desktop/Code/Scala/oop_su/AddressApp2025/build.sbt. Using presentation compiler with project's scala-library version: 3.3.6
2025.08.12 01:04:22 INFO  no build target found for /Users/justinyong/Desktop/Code/Scala/oop_su/AddressApp2025/build.sbt. Using presentation compiler with project's scala-library version: 3.3.6
2025.08.12 01:05:07 INFO  no build target found for /Users/justinyong/Desktop/Code/Scala/oop_su/AddressApp2025/build.sbt. Using presentation compiler with project's scala-library version: 3.3.6
2025.08.12 01:05:07 INFO  no build target found for /Users/justinyong/Desktop/Code/Scala/oop_su/AddressApp2025/build.sbt. Using presentation compiler with project's scala-library version: 3.3.6
2025.08.12 01:05:12 INFO  no build target found for /Users/justinyong/Desktop/Code/Scala/oop_su/AddressApp2025/build.sbt. Using presentation compiler with project's scala-library version: 3.3.6
2025.08.12 01:05:14 INFO  no build target found for /Users/justinyong/Desktop/Code/Scala/oop_su/AddressApp2025/build.sbt. Using presentation compiler with project's scala-library version: 3.3.6
2025.08.12 01:05:15 INFO  no build target found for /Users/justinyong/Desktop/Code/Scala/oop_su/AddressApp2025/build.sbt. Using presentation compiler with project's scala-library version: 3.3.6
2025.08.12 01:05:15 WARN  no build target for: /Users/justinyong/Desktop/Code/Scala/oop_su/AddressApp2025/build.sbt
2025.08.12 01:05:15 INFO  no build target found for /Users/justinyong/Desktop/Code/Scala/oop_su/AddressApp2025/build.sbt. Using presentation compiler with project's scala-library version: 3.3.6
2025.08.12 01:05:15 INFO  no build target found for /Users/justinyong/Desktop/Code/Scala/oop_su/AddressApp2025/build.sbt. Using presentation compiler with project's scala-library version: 3.3.6
2025.08.12 01:07:00 INFO  no build target found for /Users/justinyong/Desktop/Code/Scala/oop_su/AddressApp2025/build.sbt. Using presentation compiler with project's scala-library version: 3.3.6
2025.08.12 01:07:05 INFO  no build target found for /Users/justinyong/Desktop/Code/Scala/oop_su/AddressApp2025/build.sbt. Using presentation compiler with project's scala-library version: 3.3.6
2025.08.12 01:07:10 INFO  no build target found for /Users/justinyong/Desktop/Code/Scala/oop_su/AddressApp2025/build.sbt. Using presentation compiler with project's scala-library version: 3.3.6
2025.08.12 01:07:10 INFO  no build target found for /Users/justinyong/Desktop/Code/Scala/oop_su/AddressApp2025/build.sbt. Using presentation compiler with project's scala-library version: 3.3.6
2025.08.12 01:07:10 INFO  no build target found for /Users/justinyong/Desktop/Code/Scala/oop_su/AddressApp2025/build.sbt. Using presentation compiler with project's scala-library version: 3.3.6
2025.08.12 01:07:10 INFO  no build target found for /Users/justinyong/Desktop/Code/Scala/oop_su/AddressApp2025/build.sbt. Using presentation compiler with project's scala-library version: 3.3.6
2025.08.12 01:07:12 INFO  no build target found for /Users/justinyong/Desktop/Code/Scala/oop_su/AddressApp2025/build.sbt. Using presentation compiler with project's scala-library version: 3.3.6
2025.08.12 01:07:12 INFO  no build target found for /Users/justinyong/Desktop/Code/Scala/oop_su/AddressApp2025/build.sbt. Using presentation compiler with project's scala-library version: 3.3.6
2025.08.12 01:07:14 INFO  no build target found for /Users/justinyong/Desktop/Code/Scala/oop_su/AddressApp2025/build.sbt. Using presentation compiler with project's scala-library version: 3.3.6
2025.08.12 01:07:16 INFO  no build target found for /Users/justinyong/Desktop/Code/Scala/oop_su/AddressApp2025/build.sbt. Using presentation compiler with project's scala-library version: 3.3.6
2025.08.12 01:07:19 INFO  no build target found for /Users/justinyong/Desktop/Code/Scala/oop_su/AddressApp2025/build.sbt. Using presentation compiler with project's scala-library version: 3.3.6
2025.08.12 01:07:54 INFO  no build target found for /Users/justinyong/Desktop/Code/Scala/oop_su/AddressApp2025/build.sbt. Using presentation compiler with project's scala-library version: 3.3.6
2025.08.12 01:07:57 INFO  no build target found for /Users/justinyong/Desktop/Code/Scala/oop_su/AddressApp2025/build.sbt. Using presentation compiler with project's scala-library version: 3.3.6
2025.08.12 01:07:57 INFO  no build target found for /Users/justinyong/Desktop/Code/Scala/oop_su/AddressApp2025/build.sbt. Using presentation compiler with project's scala-library version: 3.3.6
2025.08.12 01:10:09 INFO  no build target found for /Users/justinyong/Desktop/Code/Scala/oop_su/AddressApp2025/build.sbt. Using presentation compiler with project's scala-library version: 3.3.6
2025.08.12 01:19:46 INFO  no build target found for /Users/justinyong/Desktop/Code/Scala/oop_su/AddressApp2025/build.sbt. Using presentation compiler with project's scala-library version: 3.3.6
2025.08.12 01:19:46 WARN  no build target for: /Users/justinyong/Desktop/Code/Scala/oop_su/AddressApp2025/build.sbt
2025.08.12 01:19:46 INFO  no build target found for /Users/justinyong/Desktop/Code/Scala/oop_su/AddressApp2025/build.sbt. Using presentation compiler with project's scala-library version: 3.3.6
2025.08.12 01:19:46 INFO  no build target found for /Users/justinyong/Desktop/Code/Scala/oop_su/AddressApp2025/build.sbt. Using presentation compiler with project's scala-library version: 3.3.6
2025.08.12 01:19:46 INFO  no build target found for /Users/justinyong/Desktop/Code/Scala/oop_su/AddressApp2025/build.sbt. Using presentation compiler with project's scala-library version: 3.3.6
2025.08.12 01:19:46 INFO  no build target found for /Users/justinyong/Desktop/Code/Scala/oop_su/AddressApp2025/build.sbt. Using presentation compiler with project's scala-library version: 3.3.6
2025.08.12 01:22:38 INFO  no build target found for /Users/justinyong/Desktop/Code/Scala/oop_su/AddressApp2025/build.sbt. Using presentation compiler with project's scala-library version: 3.3.6
2025.08.12 01:23:17 INFO  no build target found for /Users/justinyong/Desktop/Code/Scala/oop_su/AddressApp2025/build.sbt. Using presentation compiler with project's scala-library version: 3.3.6
2025.08.12 01:23:26 INFO  no build target found for /Users/justinyong/Desktop/Code/Scala/oop_su/AddressApp2025/build.sbt. Using presentation compiler with project's scala-library version: 3.3.6
2025.08.12 01:24:15 INFO  no build target found for /Users/justinyong/Desktop/Code/Scala/oop_su/AddressApp2025/build.sbt. Using presentation compiler with project's scala-library version: 3.3.6
2025.08.12 01:25:36 INFO  no build target found for /Users/justinyong/Desktop/Code/Scala/oop_su/AddressApp2025/build.sbt. Using presentation compiler with project's scala-library version: 3.3.6
2025.08.12 01:25:36 INFO  no build target found for /Users/justinyong/Desktop/Code/Scala/oop_su/AddressApp2025/build.sbt. Using presentation compiler with project's scala-library version: 3.3.6
2025.08.12 01:25:36 INFO  no build target found for /Users/justinyong/Desktop/Code/Scala/oop_su/AddressApp2025/build.sbt. Using presentation compiler with project's scala-library version: 3.3.6
2025.08.12 01:25:37 INFO  no build target found for /Users/justinyong/Desktop/Code/Scala/oop_su/AddressApp2025/build.sbt. Using presentation compiler with project's scala-library version: 3.3.6
2025.08.12 01:25:37 INFO  Created report: Optional[file:///Users/justinyong/Desktop/Code/Scala/oop_su/AddressApp2025/build.sbt]
2025.08.12 01:25:37 INFO  empty definition using pc, found symbol in pc: `<none>`. (full report at: "/Users/justinyong/Desktop/Code/Scala/oop_su/AddressApp2025/.metals/.reports/metals-full/2025-08-12/r_empty-definition_01-25-37-200.md")
2025.08.12 01:25:38 INFO  no build target found for /Users/justinyong/Desktop/Code/Scala/oop_su/AddressApp2025/build.sbt. Using presentation compiler with project's scala-library version: 3.3.6
2025.08.12 01:25:40 INFO  no build target found for /Users/justinyong/Desktop/Code/Scala/oop_su/AddressApp2025/build.sbt. Using presentation compiler with project's scala-library version: 3.3.6
2025.08.12 01:29:00 INFO  no build target found for /Users/justinyong/Desktop/Code/Scala/oop_su/AddressApp2025/src/main/scala/addressapp/MainApp.scala. Using presentation compiler with project's scala-library version: 3.3.6
2025.08.12 01:29:00 INFO  no build target found for /Users/justinyong/Desktop/Code/Scala/oop_su/AddressApp2025/src/main/scala/addressapp/MainApp.scala. Using presentation compiler with project's scala-library version: 3.3.6
2025.08.12 01:29:00 INFO  no build target found for /Users/justinyong/Desktop/Code/Scala/oop_su/AddressApp2025/src/main/scala/addressapp/MainApp.scala. Using presentation compiler with project's scala-library version: 3.3.6
2025.08.12 01:29:00 INFO  no build target found for /Users/justinyong/Desktop/Code/Scala/oop_su/AddressApp2025/src/main/scala/addressapp/MainApp.scala. Using presentation compiler with project's scala-library version: 3.3.6
Aug 12, 2025 1:32:05 AM org.eclipse.lsp4j.jsonrpc.services.GenericEndpoint notify
INFO: Unsupported notification method: $/setTrace
2025.08.12 01:32:14 INFO  no build target found for /Users/justinyong/Desktop/Code/Scala/oop_su/AddressApp2025/src/main/scala/addressapp/MainApp.scala. Using presentation compiler with project's scala-library version: 3.3.6
2025.08.12 01:32:25 INFO  no build target found for /Users/justinyong/Desktop/Code/Scala/oop_su/AddressApp2025/src/main/scala/addressapp/MainApp.scala. Using presentation compiler with project's scala-library version: 3.3.6
2025.08.12 01:32:25 INFO  no build target found for /Users/justinyong/Desktop/Code/Scala/oop_su/AddressApp2025/src/main/scala/addressapp/MainApp.scala. Using presentation compiler with project's scala-library version: 3.3.6
